Arguments: 
  C:\Users\janak\.nvm\versions\node\v22.5.1\bin\node.exe C:\Users\janak\AppData\Roaming\npm\node_modules\yarn\bin\yarn.js add react-modal

PATH: 
  C:\Users\janak\.nvm\versions\node\v22.5.1\bin;C:\Users\janak\bin;C:\Program Files\Git\mingw64\bin;C:\Program Files\Git\usr\local\bin;C:\Program Files\Git\usr\bin;C:\Program Files\Git\usr\bin;C:\Program Files\Git\mingw64\bin;C:\Program Files\Git\usr\bin;C:\Users\janak\bin;C:\Users\janak\AppData\Local\cloud-code\installer\google-cloud-sdk\bin;C:\Program Files\NVIDIA GPU Computing Toolkit\CUDA\v11.7\bin;C:\Program Files\NVIDIA GPU Computing Toolkit\CUDA\v11.7\libnvvp;C:\Program Files\Python311\Scripts;C:\Program Files\Python311;C:\Program Files\Common Files\Oracle\Java\javapath;C:\Program Files (x86)\Common Files\Oracle\Java\javapath;C:\WINDOWS\system32;C:\WINDOWS;C:\WINDOWS\System32\Wbem;C:\WINDOWS\System32\WindowsPowerShell\v1.0;C:\WINDOWS\System32\OpenSSH;C:\Program Files\nodejs;C:\ProgramData\chocolatey\bin;C:\Program Files\NVIDIA Corporation\NVIDIA NvDLISR;C:\Program Files\Git\cmd;C:\WINDOWS\system32;C:\WINDOWS;C:\WINDOWS\System32\Wbem;C:\WINDOWS\System32\WindowsPowerShell\v1.0;C:\WINDOWS\System32\OpenSSH;C:\php;C:\ProgramData\ComposerSetup\bin;C:\Program Files\dotnet;C:\Program Files (x86)\NVIDIA Corporation\PhysX\Common;C:\Program Files\NVIDIA Corporation\Nsight Compute 2022.2.0;C:\Users\janak\AppData\Local\Programs\Python\Python37;C:\Program Files\Calibre2;C:\Program Files\Docker\Docker\resources\bin;C:\Users\janak\AppData\Local\Programs\Python\Python37\Scripts;C:\Users\janak\AppData\Local\Programs\Python\Python37;C:\Users\janak\AppData\Local\Microsoft\WindowsApps;C:\Users\janak\AppData\Roaming\npm;C:\Users\janak\AppData\Roaming\Composer\vendor\bin;C:\Users\janak\AppData\Local\GitHubDesktop\bin;C:\Users\janak\.dotnet\tools;.;C:\Python310\Scripts;.;C:\Program Files (x86)\Nmap;C:\Users\janak\AppData\Local\Programs\Microsoft VS Code\bin;C:\Users\janak\AppData\Roaming\Python\Python311\Scripts';C:\Program Files\Git\usr\bin\vendor_perl;C:\Program Files\Git\usr\bin\core_perl

Yarn version: 
  1.22.19

Node version: 
  22.5.1

Platform: 
  win32 x64

Trace: 
  Error: EPERM: operation not permitted, unlink 'C:\Users\janak\Desktop\Projects\task mangement\tailwind-dashboard-template\node_modules\@esbuild\win32-x64\esbuild.exe'

npm manifest: 
  {
    "name": "mosaic-react",
    "version": "0.1.0",
    "type": "module",
    "scripts": {
      "dev": "vite",
      "build": "vite build",
      "preview": "vite preview"
    },
    "dependencies": {
      "@headlessui/react": "^2.1.2",
      "@heroicons/react": "^2.1.5",
      "@tailwindcss/forms": "^0.5.7",
      "chart.js": "^4.4.1",
      "chartjs-adapter-moment": "^1.0.1",
      "moment": "^2.29.4",
      "react": "^18.2.0",
      "react-dom": "^18.2.0",
      "react-flatpickr": "^3.10.13",
      "react-icons": "^5.2.1",
      "react-router-dom": "^6.20.1",
      "react-transition-group": "^4.4.5"
    },
    "devDependencies": {
      "@vitejs/plugin-react": "^4.2.1",
      "autoprefixer": "^10.4.16",
      "postcss": "^8.4.32",
      "tailwindcss": "^3.3.6",
      "vite": "^5.0.6"
    }
  }

yarn manifest: 
  No manifest

Lockfile: 
  No lockfile
